E:\CTP\PHEUX-MASTER\MD\DEBUG\ACCOUNT.OBJ
E:\CTP\PHEUX-MASTER\MD\DEBUG\BARSERIALIZER.OBJ
E:\CTP\PHEUX-MASTER\MD\DEBUG\CONFIG.OBJ
E:\CTP\PHEUX-MASTER\MD\DEBUG\CONNECTIONPOOL.OBJ
E:\CTP\PHEUX-MASTER\MD\DEBUG\EXCHANGE.OBJ
E:\CTP\PHEUX-MASTER\MD\DEBUG\LOGGER.OBJ
E:\CTP\PHEUX-MASTER\MD\DEBUG\MAIN.OBJ
E:\CTP\PHEUX-MASTER\MD\DEBUG\MDAGENT.OBJ
E:\CTP\PHEUX-MASTER\MD\DEBUG\MDAPI.OBJ
E:\CTP\PHEUX-MASTER\MD\DEBUG\MDSPI.OBJ
E:\CTP\PHEUX-MASTER\MD\DEBUG\ORDER.OBJ
E:\CTP\PHEUX-MASTER\MD\DEBUG\ORDERMANAGER.OBJ
E:\CTP\PHEUX-MASTER\MD\DEBUG\POSITION.OBJ
E:\CTP\PHEUX-MASTER\MD\DEBUG\STRATEGY.OBJ
E:\CTP\PHEUX-MASTER\MD\DEBUG\TEXTSERIALIZER.OBJ
E:\CTP\PHEUX-MASTER\MD\DEBUG\TINYXML2.OBJ
E:\CTP\PHEUX-MASTER\MD\DEBUG\TRADERAGENT.OBJ
E:\CTP\PHEUX-MASTER\MD\DEBUG\TRADERAPI.OBJ
E:\CTP\PHEUX-MASTER\MD\DEBUG\TRADERSPI.OBJ
E:\CTP\PHEUX-MASTER\MD\DEBUG\VC110.PDB
E:\CTP\PHEUX-MASTER\DEBUG\MD.ILK
E:\CTP\PHEUX-MASTER\DEBUG\MD.EXE
E:\CTP\PHEUX-MASTER\DEBUG\MD.PDB
E:\ctp\pheux-master\md\Debug\Account.obj
E:\ctp\pheux-master\md\Debug\BarSerializer.obj
E:\ctp\pheux-master\md\Debug\Config.obj
E:\ctp\pheux-master\md\Debug\ConnectionPool.obj
E:\ctp\pheux-master\md\Debug\Exchange.obj
E:\ctp\pheux-master\md\Debug\Logger.obj
E:\ctp\pheux-master\md\Debug\main.obj
E:\ctp\pheux-master\md\Debug\MdAgent.obj
E:\ctp\pheux-master\md\Debug\MdApi.obj
E:\ctp\pheux-master\md\Debug\MdSpi.obj
E:\ctp\pheux-master\md\Debug\Order.obj
E:\ctp\pheux-master\md\Debug\OrderManager.obj
E:\ctp\pheux-master\md\Debug\Position.obj
E:\ctp\pheux-master\md\Debug\Strategy.obj
E:\ctp\pheux-master\md\Debug\TextSerializer.obj
E:\ctp\pheux-master\md\Debug\tinyxml2.obj
E:\ctp\pheux-master\md\Debug\TraderAgent.obj
E:\ctp\pheux-master\md\Debug\TraderApi.obj
E:\ctp\pheux-master\md\Debug\TraderSpi.obj
E:\ctp\pheux-master\md\Debug\cl.command.1.tlog
E:\ctp\pheux-master\md\Debug\CL.read.1.tlog
E:\ctp\pheux-master\md\Debug\CL.write.1.tlog
E:\ctp\pheux-master\md\Debug\link-cvtres.read.1.tlog
E:\ctp\pheux-master\md\Debug\link-cvtres.write.1.tlog
E:\ctp\pheux-master\md\Debug\link-rc.read.1.tlog
E:\ctp\pheux-master\md\Debug\link-rc.write.1.tlog
E:\ctp\pheux-master\md\Debug\link.command.1.tlog
E:\ctp\pheux-master\md\Debug\link.read.1.tlog
E:\ctp\pheux-master\md\Debug\link.write.1.tlog
E:\ctp\pheux-master\md\Debug\vc110.idb
E:\ctp\pheux-master\md\Debug\vc110.pdb
E:\ctp\pheux-master\Debug\md.pdb
E:\ctp\pheux-master\Debug\md.exe
E:\ctp\pheux-master\Debug\md.ilk
